Hi Ranga,

Attaching my most updated resume, and employer details for rate confirmation

employer details,
Andrew
Digital Scripts Inc.
Email: Andrew@digitalscriptsinc.com 
Direct # : 732 333 8857
50 Cragwood Rd, Suite # 218,
South Plainfield, NJ 07080.
Hi Ranga,

Attaching my most updated resume, and employer details for rate confirmation

employer details,
Andrew
Digital Scripts Inc.
Email: Andrew@digitalscriptsinc.com 
Direct # : 732 333 8857
50 Cragwood Rd, Suite # 218,
South Plainfield, NJ 07080.
Hi Ranga,

Attaching my most updated resume, and employer details for rate confirmation

employer details,
Andrew
Digital Scripts Inc.
Email: Andrew@digitalscriptsinc.com 
Direct # : 732 333 8857
50 Cragwood Rd, Suite # 218,
South Plainfield, NJ 07080.